<?xml version="1.0" encoding="UTF-8"?>
<testng-results ignored="0" total="1" passed="1" failed="0" skipped="0">
  <reporter-output>
  </reporter-output>
  <suite started-at="2022-10-30T19:21:17 IST" name="Default suite" finished-at="2022-10-30T19:21:26 IST" duration-ms="9061">
    <groups>
    </groups>
    <test started-at="2022-10-30T19:21:17 IST" name="Default test" finished-at="2022-10-30T19:21:26 IST" duration-ms="9061">
      <class name="com.share.info.sharemarket.App">
        <test-method is-config="true" signature="setuplaunchbrowser()[pri:0, instance:com.share.info.sharemarket.App@4659191b]" started-at="2022-10-30T19:21:17 IST" name="setuplaunchbrowser" finished-at="2022-10-30T19:21:24 IST" duration-ms="7677" status="PASS">
          <reporter-output>
          </reporter-output>
        </test-method> <!-- setuplaunchbrowser -->
        <test-method signature="getInfo()[pri:0, instance:com.share.info.sharemarket.App@4659191b]" started-at="2022-10-30T19:21:24 IST" name="getInfo" finished-at="2022-10-30T19:21:26 IST" duration-ms="1182" status="PASS">
          <reporter-output>
          </reporter-output>
        </test-method> <!-- getInfo -->
        <test-method is-config="true" signature="quit()[pri:0, instance:com.share.info.sharemarket.App@4659191b]" started-at="2022-10-30T19:21:26 IST" name="quit" finished-at="2022-10-30T19:21:26 IST" duration-ms="158" status="PASS">
          <reporter-output>
          </reporter-output>
        </test-method> <!-- quit -->
      </class> <!-- com.share.info.sharemarket.App -->
    </test> <!-- Default test -->
  </suite> <!-- Default suite -->
</testng-results>
